INFO:root: 2018-06-13 07:16:46 - InventoryGISDataInSDEGDB.py Initiated
INFO:root:Accessing E:\DoIT_GISDataInspection_Project\SDE_CONNECTION_FILE\Production as sde on gis-ags-imap01p.mdgov.maryland.gov.sde
INFO:root:Examining FD: PRODUCTION.SDE.BIOTA_MD_BIOMASS_UMD
INFO:root:Examining FD: PRODUCTION.SDE.BIOTA_MD_CANOPYHEIGHT_UMD
INFO:root:Examining FD: PRODUCTION.SDE.ELEVATION_MD_BATHYMETRY_ELEV_CHESAPEAKEBAYDEPTHDEM30M_NOAA
INFO:root:Examining FD: PRODUCTION.SDE.ELEVATION_MD_BATHYMETRY_ELEV_COASTALBAYSDEPTH_DNR
INFO:root:Examining FD: PRODUCTION.SDE.ELEVATION_MD_BATHYMETRY_ELEV_OCEANDEPTH_DNR
INFO:root:Examining FD: PRODUCTION.SDE.GEOSCIENTIFIC_MD_OCEANECOLOGY_GSCI_ECOLOGICALMARINEUNITS_DNR
INFO:root:Examining FD: PRODUCTION.SDE.GEOSCIENTIFIC_MD_OFFSHOREOCEANRESOURCES_GSCI_AFRICANQUEEN_DNR
INFO:root:Examining FD: PRODUCTION.SDE.GEOSCIENTIFIC_MD_OFFSHOREOCEANRESOURCES_GSCI_BASSGROUNDSARTREEF_062508_DNR
INFO:root:Examining FD: PRODUCTION.SDE.GEOSCIENTIFIC_MD_OFFSHOREOCEANRESOURCES_GSCI_BASSGROUNDSNE092309_DNR
INFO:root:Examining FD: PRODUCTION.SDE.GEOSCIENTIFIC_MD_OFFSHOREOCEANRESOURCES_GSCI_BASSGROUNDSSOUTH092409_DNR
INFO:root:Examining FD: PRODUCTION.SDE.GEOSCIENTIFIC_MD_OFFSHOREOCEANRESOURCES_GSCI_BORROWAREA2_091304_DNR
INFO:root:Examining FD: PRODUCTION.SDE.GEOSCIENTIFIC_MD_OFFSHOREOCEANRESOURCES_GSCI_BORROWAREA3_061405_DNR
INFO:root:Examining FD: PRODUCTION.SDE.GEOSCIENTIFIC_MD_OFFSHOREOCEANRESOURCES_GSCI_BORROWAREA3_091304_DNR
INFO:root:Examining FD: PRODUCTION.SDE.GEOSCIENTIFIC_MD_OFFSHOREOCEANRESOURCES_GSCI_CHARLENESHOAL_061008_DNR
INFO:root:Examining FD: PRODUCTION.SDE.GEOSCIENTIFIC_MD_OFFSHOREOCEANRESOURCES_GSCI_CHARLENE_093009_DNR
INFO:root:Examining FD: PRODUCTION.SDE.GEOSCIENTIFIC_MD_OFFSHOREOCEANRESOURCES_GSCI_CZMOCBLOCK1_2011_DNR
INFO:root:Examining FD: PRODUCTION.SDE.GEOSCIENTIFIC_MD_OFFSHOREOCEANRESOURCES_GSCI_CZMOCBLOCK2_2012_DNR
INFO:root:Examining FD: PRODUCTION.SDE.GEOSCIENTIFIC_MD_OFFSHOREOCEANRESOURCES_GSCI_FENWICKSHOALARTREEF_061908_DNR
INFO:root:Examining FD: PRODUCTION.SDE.GEOSCIENTIFIC_MD_OFFSHOREOCEANRESOURCES_GSCI_FENWICK_060806_DNR
INFO:root:Examining FD: PRODUCTION.SDE.GEOSCIENTIFIC_MD_OFFSHOREOCEANRESOURCES_GSCI_FENWICK_062105_DNR
INFO:root:Examining FD: PRODUCTION.SDE.GEOSCIENTIFIC_MD_OFFSHOREOCEANRESOURCES_GSCI_GREATEASTERNARTREEF_062508_DNR
INFO:root:Examining FD: PRODUCTION.SDE.GEOSCIENTIFIC_MD_OFFSHOREOCEANRESOURCES_GSCI_GREATGULLBANK_060908_DNR
INFO:root:Examining FD: PRODUCTION.SDE.GEOSCIENTIFIC_MD_OFFSHOREOCEANRESOURCES_GSCI_GREATGULLBANK_090804_DNR
INFO:root:Examining FD: PRODUCTION.SDE.GEOSCIENTIFIC_MD_OFFSHOREOCEANRESOURCES_GSCI_GREATGULLDREDGE_061406_DNR
INFO:root:Examining FD: PRODUCTION.SDE.GEOSCIENTIFIC_MD_OFFSHOREOCEANRESOURCES_GSCI_GREATGULL_051705_DNR
INFO:root:Examining FD: PRODUCTION.SDE.GEOSCIENTIFIC_MD_OFFSHOREOCEANRESOURCES_GSCI_ISLEOFWIGHT_061505_DNR
INFO:root:Examining FD: PRODUCTION.SDE.GEOSCIENTIFIC_MD_OFFSHOREOCEANRESOURCES_GSCI_ISLEOFWIGHT_092309_DNR
INFO:root:Examining FD: PRODUCTION.SDE.GEOSCIENTIFIC_MD_OFFSHOREOCEANRESOURCES_GSCI_JACKSPOTARTREEF_061208_DNR
INFO:root:Examining FD: PRODUCTION.SDE.GEOSCIENTIFIC_MD_OFFSHOREOCEANRESOURCES_GSCI_JACKSPOTHOLE_100109_DNR
INFO:root:Examining FD: PRODUCTION.SDE.GEOSCIENTIFIC_MD_OFFSHOREOCEANRESOURCES_GSCI_JACKSPOTLEDGE_100109_DNR
INFO:root:Examining FD: PRODUCTION.SDE.GEOSCIENTIFIC_MD_OFFSHOREOCEANRESOURCES_GSCI_JACKSPOTSHOAL_061208_DNR
INFO:root:Examining FD: PRODUCTION.SDE.GEOSCIENTIFIC_MD_OFFSHOREOCEANRESOURCES_GSCI_JACKSPOTSUBWAYCARS_092209_DNR
INFO:root:Examining FD: PRODUCTION.SDE.GEOSCIENTIFIC_MD_OFFSHOREOCEANRESOURCES_GSCI_KELLYSREEF_093009_DNR
INFO:root:Examining FD: PRODUCTION.SDE.GEOSCIENTIFIC_MD_OFFSHOREOCEANRESOURCES_GSCI_OCRESEARCHREEF_061908_DNR
INFO:root:Examining FD: PRODUCTION.SDE.GEOSCIENTIFIC_MD_OFFSHOREOCEANRESOURCES_GSCI_OFFSHOREWIND_NOAA_2007_2008_DNR
INFO:root:Examining FD: PRODUCTION.SDE.GEOSCIENTIFIC_MD_OFFSHOREOCEANRESOURCES_GSCI_PURNELLSREEF_093009_DNR
INFO:root:Examining FD: PRODUCTION.SDE.GEOSCIENTIFIC_MD_OFFSHOREOCEANRESOURCES_GSCI_RESEARCHREEF_092309_DNR
INFO:root:Examining FD: PRODUCTION.SDE.GEOSCIENTIFIC_MD_OFFSHOREOCEANRESOURCES_GSCI_SHOALA_060906_061206_DNR
INFO:root:Examining FD: PRODUCTION.SDE.GEOSCIENTIFIC_MD_OFFSHOREOCEANRESOURCES_GSCI_SHOALB_062205_DNR
INFO:root:Examining FD: PRODUCTION.SDE.GEOSCIENTIFIC_MD_OFFSHOREOCEANRESOURCES_GSCI_SHOALB_091204_DNR
INFO:root:Examining FD: PRODUCTION.SDE.GEOSCIENTIFIC_MD_OFFSHOREOCEANRESOURCES_GSCI_SHOALC_061605_DNR
INFO:root:Examining FD: PRODUCTION.SDE.GEOSCIENTIFIC_MD_OFFSHOREOCEANRESOURCES_GSCI_SHOALD_062805_DNR
INFO:root:Examining FD: PRODUCTION.SDE.GEOSCIENTIFIC_MD_OFFSHOREOCEANRESOURCES_GSCI_SHOALE_061306_DNR
INFO:root:Examining FD: PRODUCTION.SDE.GEOSCIENTIFIC_MD_OFFSHOREOCEANRESOURCES_GSCI_SHOALR_062106_DNR
INFO:root:Examining FD: PRODUCTION.SDE.GEOSCIENTIFIC_MD_OFFSHOREOCEANRESOURCES_GSCI_SHOALSRANDSNORTH_061708_061908_DNR
INFO:root:Examining FD: PRODUCTION.SDE.GEOSCIENTIFIC_MD_OFFSHOREOCEANRESOURCES_GSCI_SHOALSRANDS_061608_DNR
INFO:root:Examining FD: PRODUCTION.SDE.GEOSCIENTIFIC_MD_OFFSHOREOCEANRESOURCES_GSCI_WEAVERSHOAL_061405_DNR
INFO:root:Examining FD: PRODUCTION.SDE.PLANNINGCADASTRE_MD_MDHIGHRESLANDCOVER_CHESAPEAKECONSERVANCY
INFO:root:Examining FD: PRODUCTION.SDE.UTILITYTELECOM_MD_OFFSHOREWINDENERGYPLANNING_UTIL_MEANANNUALWINDSPEED100M_DNR
INFO:root:Examining FD: PRODUCTION.SDE.UTILITYTELECOM_MD_OFFSHOREWINDENERGYPLANNING_UTIL_MEANANNUALWINDSPEED30M_DNR
INFO:root:Examining FD: PRODUCTION.SDE.UTILITYTELECOM_MD_OFFSHOREWINDENERGYPLANNING_UTIL_MEANANNUALWINDSPEED50M_DNR
INFO:root:Examining FD: PRODUCTION.SDE.UTILITYTELECOM_MD_OFFSHOREWINDENERGYPLANNING_UTIL_MEANANNUALWINDSPEED80M_DNR
INFO:root:Examining FD: PRODUCTION.SDE.UTILITYTELECOM_MD_OFFSHOREWINDENERGYPLANNING_UTIL_POWERDENSITY100M_DNR
INFO:root:Examining FD: PRODUCTION.SDE.UTILITYTELECOM_MD_OFFSHOREWINDENERGYPLANNING_UTIL_POWERDENSITY30M_DNR
INFO:root:Examining FD: PRODUCTION.SDE.UTILITYTELECOM_MD_OFFSHOREWINDENERGYPLANNING_UTIL_POWERDENSITY50M_DNR
INFO:root:Examining FD: PRODUCTION.SDE.UTILITYTELECOM_MD_OFFSHOREWINDENERGYPLANNING_UTIL_POWERDENSITY80M_DNR
INFO:root:Examining FD: PRODUCTION.SDE.WEATHER_MD_SEALEVELAFFECTINGMARSHESMODEL_WEAT_SLAMM2050_DNR
INFO:root:Examining FD: PRODUCTION.SDE.WEATHER_MD_SEALEVELAFFECTINGMARSHESMODEL_WEAT_SLAMM2100_DNR
INFO:root:Examining FD: PRODUCTION.SDE.WEATHER_MD_SEALEVELAFFECTINGMARSHESMODEL_WEAT_SLAMMCURRENT_DNR
INFO:root:Examining FD: PRODUCTION.SDE.WEATHER_MD_SEALEVELRISEVULNERABILITY_WEAT_SEALEVELRISEINUNDATION0TO2FT_DNR
INFO:root:Examining FD: PRODUCTION.SDE.WEATHER_MD_SEALEVELRISEVULNERABILITY_WEAT_SEALEVELRISEINUNDATION2TO5FT_DNR
INFO:root:Examining FD: PRODUCTION.SDE.WEATHER_MD_SEALEVELRISEVULNERABILITY_WEAT_SEALEVELRISEINUNDATION5TO10FT_DNR
INFO:root:Examining FD: Production.SDE.Agriculture_MD_AgriculturalDesignations
INFO:root:Examining FD: Production.SDE.Agriculture_MD_LicensedAnimalPlantFacilities
INFO:root:Examining FD: Production.SDE.Biota_MD_BenthicHabitat
INFO:root:Examining FD: Production.SDE.Biota_MD_BiodiversityConservationNetwork
INFO:root:Examining FD: Production.SDE.Biota_MD_Finfish
INFO:root:Examining FD: Production.SDE.Biota_MD_Forests
INFO:root:Examining FD: Production.SDE.Biota_MD_GreenInfrastructure
INFO:root:Examining FD: Production.SDE.Biota_MD_LivingResources
INFO:root:Examining FD: Production.SDE.Biota_MD_Shellfish
INFO:root:Examining FD: Production.SDE.Biota_MD_SubmergedAquaticVegetation
INFO:root:Examining FD: Production.SDE.Boundaries_MD_ElectionBoundaries
INFO:root:Examining FD: Production.SDE.Boundaries_MD_EmergencyServiceBoundaries
INFO:root:Examining FD: Production.SDE.Boundaries_MD_MarineBoundaries
INFO:root:Examining FD: Production.SDE.Boundaries_MD_PSAPBoundaries
INFO:root:Examining FD: Production.SDE.Boundaries_MD_PhysicalBoundaries
INFO:root:Examining FD: Production.SDE.Boundaries_MD_PoliticalBoundaries
INFO:root:Examining FD: Production.SDE.Boundaries_MD_StateMask
INFO:root:Examining FD: Production.SDE.BusinessEconomy_MD_HousingDesignatedAreas
INFO:root:Examining FD: Production.SDE.BusinessEconomy_MD_IncentiveZones
INFO:root:Examining FD: Production.SDE.BusinessEconomy_MD_LocalBusinesses
INFO:root:Examining FD: Production.SDE.BusinessEconomy_MD_LocalEconomicDevelopment
INFO:root:Examining FD: Production.SDE.BusinessEconomy_MD_MultifamilySites
INFO:root:Examining FD: Production.SDE.BusinessEconomy_MD_SeafoodMarketing
INFO:root:Examining FD: Production.SDE.Demographics_MD_AmericanCommunitySurvey
INFO:root:Examining FD: Production.SDE.Demographics_MD_CensusBoundaries
INFO:root:Examining FD: Production.SDE.Demographics_MD_CensusData
INFO:root:Examining FD: Production.SDE.Demographics_MD_CensusDesignatedAreas
INFO:root:Examining FD: Production.SDE.Education_MD_EducationFacilities
INFO:root:Examining FD: Production.SDE.Education_MD_Libraries
INFO:root:Examining FD: Production.SDE.Elevation_MD_Bathymetry
INFO:root:Examining FD: Production.SDE.Elevation_MD_USGSTopoQuads
INFO:root:Examining FD: Production.SDE.Environment_MD_ChesapeakeBayDeadZones
INFO:root:Examining FD: Production.SDE.Environment_MD_CoastalResiliencyAssessment
INFO:root:Examining FD: Production.SDE.Environment_MD_CriticalAreas
INFO:root:Examining FD: Production.SDE.Environment_MD_FocalAreas
INFO:root:Examining FD: Production.SDE.Environment_MD_NaturalFilters
INFO:root:Examining FD: Production.SDE.Environment_MD_PointSourceDischarges
INFO:root:Examining FD: Production.SDE.Environment_MD_ProtectedLands
INFO:root:Examining FD: Production.SDE.Environment_MD_ProtectedLandsAcquisitions
INFO:root:Examining FD: Production.SDE.Environment_MD_ResearchReserves
INFO:root:Examining FD: Production.SDE.Environment_MD_SaltMarsh
INFO:root:Examining FD: Production.SDE.Environment_MD_TrustFund
INFO:root:Examining FD: Production.SDE.Geoscientific_MD_Geology
INFO:root:Examining FD: Production.SDE.Geoscientific_MD_LittoralDriftMaps
INFO:root:Examining FD: Production.SDE.Geoscientific_MD_OceanShoal
INFO:root:Examining FD: Production.SDE.Geoscientific_MD_OffshoreOceanResources
INFO:root:Examining FD: Production.SDE.Geoscientific_MD_SSURGOSoils
INFO:root:Examining FD: Production.SDE.Geoscientific_MD_Soils
INFO:root:Examining FD: Production.SDE.Health_MD_CommunityHealthResourceCommission
INFO:root:Examining FD: Production.SDE.Health_MD_Hospitals
INFO:root:Examining FD: Production.SDE.Health_MD_LongTermCareAssistedLiving
INFO:root:Examining FD: Production.SDE.Health_MD_VitalStatistics
INFO:root:Examining FD: Production.SDE.Historic_MD_InventoryHistoricProperties
INFO:root:Examining FD: Production.SDE.Historic_MD_MHTPreservationEasements
INFO:root:Examining FD: Production.SDE.Historic_MD_NationalRegisterHistoricPlaces
INFO:root:Examining FD: Production.SDE.Hydrology_MD_BlueInfrastructure
INFO:root:Examining FD: Production.SDE.Hydrology_MD_Floodplain
INFO:root:Examining FD: Production.SDE.Hydrology_MD_Gauges
INFO:root:Examining FD: Production.SDE.Hydrology_MD_ShorelineChanges
INFO:root:Examining FD: Production.SDE.Hydrology_MD_ShorelineInventory
INFO:root:Examining FD: Production.SDE.Hydrology_MD_StreamHealth
INFO:root:Examining FD: Production.SDE.Hydrology_MD_WaterQuality
INFO:root:Examining FD: Production.SDE.Hydrology_MD_Waterbodies
INFO:root:Examining FD: Production.SDE.Hydrology_MD_Watersheds
INFO:root:Examining FD: Production.SDE.Hydrology_MD_Wetlands
INFO:root:Examining FD: Production.SDE.Hydrology_MD_Wetlands1972
INFO:root:Examining FD: Production.SDE.Imagery_MD_ImageryAcquisitionFlightInformation
INFO:root:Examining FD: Production.SDE.Imagery_MD_NAIPImageryGrid
INFO:root:Examining FD: Production.SDE.Location_MD_USGSTopoGrids
INFO:root:Examining FD: Production.SDE.Location_MD_USNGZone17S
INFO:root:Examining FD: Production.SDE.Location_MD_USNGZone18S
INFO:root:Examining FD: Production.SDE.Military_MD_MilitaryInstallations
INFO:root:Examining FD: Production.SDE.PlanningCadastre_MD_ComputerAssistedMassAppraisal
INFO:root:Examining FD: Production.SDE.PlanningCadastre_MD_FederalLands
INFO:root:Examining FD: Production.SDE.PlanningCadastre_MD_LandUseLandCover
INFO:root:Examining FD: Production.SDE.PlanningCadastre_MD_ParcelBoundaries
INFO:root:Examining FD: Production.SDE.PlanningCadastre_PLAN_TaxMaps_MDP
INFO:root:Examining FD: Production.SDE.PublicSafety_MD_CorrectionalFacilities
INFO:root:Examining FD: Production.SDE.PublicSafety_MD_EMS
INFO:root:Examining FD: Production.SDE.PublicSafety_MD_Fire
INFO:root:Examining FD: Production.SDE.PublicSafety_MD_Police
INFO:root:Examining FD: Production.SDE.PublicSafety_MD_VeryHighRiskCensusTracts
INFO:root:Examining FD: Production.SDE.Society_MD_Casinos
INFO:root:Examining FD: Production.SDE.Society_MD_RecreationalUses
INFO:root:Examining FD: Production.SDE.Society_MD_SportVenues
INFO:root:Examining FD: Production.SDE.Society_MD_Veterans
INFO:root:Examining FD: Production.SDE.Society_MD_WorkingWaterfronts
INFO:root:Examining FD: Production.SDE.Structure_MD_CampusFacilities
INFO:root:Examining FD: Production.SDE.Structure_MD_CommunitySupport
INFO:root:Examining FD: Production.SDE.Structure_MD_FederalFacilities
INFO:root:Examining FD: Production.SDE.Structure_MD_StateFacilities
INFO:root:Examining FD: Production.SDE.Transportation_MD_AADT
INFO:root:Examining FD: Production.SDE.Transportation_MD_AlternativeFuel
INFO:root:Examining FD: Production.SDE.Transportation_MD_HighwayPerformanceMonitoringSystem
INFO:root:Examining FD: Production.SDE.Transportation_MD_LocalTransit
INFO:root:Examining FD: Production.SDE.Transportation_MD_MDOTSHADistrictBoundaries
INFO:root:Examining FD: Production.SDE.Transportation_MD_MDOTSHAMaintenanceShopFacilities
INFO:root:Examining FD: Production.SDE.Transportation_MD_MDOTSHAParkandRideFacilities
INFO:root:Examining FD: Production.SDE.Transportation_MD_MVAFacilities
INFO:root:Examining FD: Production.SDE.Transportation_MD_RoadCenterlines
INFO:root:Examining FD: Production.SDE.Transportation_MD_RoadwayInterchangeExits
INFO:root:Examining FD: Production.SDE.Transportation_MD_RoadwayMileMarkers
INFO:root:Examining FD: Production.SDE.Transportation_MD_RoadwayPostedSpeedLimits
INFO:root:Examining FD: Production.SDE.Transportation_MD_TollPlazas
INFO:root:Examining FD: Production.SDE.Transportation_MD_TrafficCameras
INFO:root:Examining FD: Production.SDE.Transportation_MD_Transit
INFO:root:Examining FD: Production.SDE.Transportation_MD_WelcomeandVisitorCenters
INFO:root:Examining FD: Production.SDE.UtilityTelecom_MD_BroadbandProviderPerCensusBlock
INFO:root:Examining FD: Production.SDE.UtilityTelecom_MD_BroadbandServiceAreas
INFO:root:Examining FD: Production.SDE.UtilityTelecom_MD_BroadbandSpeedTest
INFO:root:Examining FD: Production.SDE.UtilityTelecom_MD_CommunityAnchorInstitutions
INFO:root:Examining FD: Production.SDE.UtilityTelecom_MD_OffshoreWindEnergyPlanning
INFO:root:Examining FD: Production.SDE.Weather_MD_SeaLevelAffectingMarshesModel
INFO:root:Examining FD: Production.SDE.Weather_MD_SeaLevelChangeHighCurveModel
INFO:root:Examining FD: Production.SDE.Weather_MD_SeaLevelRiseWetlandAdaptationAreas
INFO:root:Examining FD: Production.SDE.Weather_MD_StormSurge
INFO:root: 2018-06-13 10:13:22 Script Completed
